{"timestamp":"2026-05-12T22:42:53.055Z","riskLevel":"CLEAN","riskScore":0,"isClean":true,"findings":[],"metadata":{"length":33,"entropy":3.9603202553942918,"timestamp":"2026-05-12T22:42:53.054Z"}}
{"timestamp":"2026-05-12T22:42:53.055Z","riskLevel":"MEDIUM","riskScore":55,"isClean":true,"findings":[{"name":"RESTRICTED_QUERY","severity":"medium","count":1}],"metadata":{"length":37,"entropy":4.026360459931184,"timestamp":"2026-05-12T22:42:53.055Z"}}
{"timestamp":"2026-05-12T22:42:53.057Z","riskLevel":"CRITICAL","riskScore":100,"isClean":false,"findings":[{"name":"DIRECT_SYSTEM_OVERRIDE","severity":"critical","count":1}],"metadata":{"length":32,"entropy":3.8584585933443494,"timestamp":"2026-05-12T22:42:53.057Z"}}
{"timestamp":"2026-05-12T22:42:53.055Z","riskLevel":"CRITICAL","riskScore":100,"isClean":false,"findings":[{"name":"DIRECT_SYSTEM_OVERRIDE","severity":"critical","count":1},{"name":"DAN_ATTACK","severity":"critical","count":2}],"metadata":{"length":67,"entropy":4.242880564809695,"timestamp":"2026-05-12T22:42:53.055Z"}}
{"timestamp":"2026-05-12T22:42:53.057Z","riskLevel":"CRITICAL","riskScore":100,"isClean":false,"findings":[{"name":"DAN_ATTACK","severity":"critical","count":2}],"metadata":{"length":33,"entropy":3.945464952495108,"timestamp":"2026-05-12T22:42:53.057Z"}}
{"timestamp":"2026-05-12T22:42:53.057Z","riskLevel":"HIGH","riskScore":80,"isClean":false,"findings":[{"name":"FAKE_SYSTEM_MESSAGE","severity":"high","count":1}],"metadata":{"length":32,"entropy":3.952819531114783,"timestamp":"2026-05-12T22:42:53.057Z"}}
{"timestamp":"2026-05-12T22:42:53.057Z","riskLevel":"CRITICAL","riskScore":90,"isClean":false,"findings":[{"name":"DAN_ATTACK","severity":"critical","count":1}],"metadata":{"length":39,"entropy":3.8935900409777884,"timestamp":"2026-05-12T22:42:53.057Z"}}
{"timestamp":"2026-05-12T22:42:53.057Z","riskLevel":"CLEAN","riskScore":0,"isClean":true,"findings":[],"metadata":{"length":26,"entropy":3.5364142371222296,"timestamp":"2026-05-12T22:42:53.057Z"}}
{"timestamp":"2026-05-12T22:48:44.221Z","riskLevel":"CLEAN","riskScore":0,"isClean":true,"findings":[],"metadata":{"length":33,"entropy":3.9603202553942918,"timestamp":"2026-05-12T22:48:44.220Z"}}
{"timestamp":"2026-05-12T22:48:44.223Z","riskLevel":"CRITICAL","riskScore":100,"isClean":false,"findings":[{"name":"DIRECT_SYSTEM_OVERRIDE","severity":"critical","count":1},{"name":"DAN_ATTACK","severity":"critical","count":2}],"metadata":{"length":67,"entropy":4.242880564809695,"timestamp":"2026-05-12T22:48:44.222Z"}}
{"timestamp":"2026-05-12T22:48:44.222Z","riskLevel":"MEDIUM","riskScore":55,"isClean":true,"findings":[{"name":"RESTRICTED_QUERY","severity":"medium","count":1}],"metadata":{"length":37,"entropy":4.026360459931184,"timestamp":"2026-05-12T22:48:44.222Z"}}
{"timestamp":"2026-05-12T22:48:44.224Z","riskLevel":"CRITICAL","riskScore":100,"isClean":false,"findings":[{"name":"DIRECT_SYSTEM_OVERRIDE","severity":"critical","count":1},{"name":"DAN_ATTACK","severity":"critical","count":1}],"metadata":{"length":71,"entropy":4.104671633926683,"timestamp":"2026-05-12T22:48:44.223Z"}}
{"timestamp":"2026-05-12T22:48:44.224Z","riskLevel":"CLEAN","riskScore":0,"isClean":true,"findings":[],"metadata":{"length":73,"entropy":4.481025594201315,"timestamp":"2026-05-12T22:48:44.224Z"}}
{"timestamp":"2026-05-12T22:48:44.224Z","riskLevel":"CLEAN","riskScore":0,"isClean":true,"findings":[],"metadata":{"length":69,"entropy":4.124697878928579,"timestamp":"2026-05-12T22:48:44.224Z"}}
{"timestamp":"2026-05-12T22:48:44.224Z","riskLevel":"MEDIUM","riskScore":65,"isClean":true,"findings":[{"name":"BASE64_ENCODED","severity":"high","count":1}],"metadata":{"length":92,"entropy":5.232603738986271,"timestamp":"2026-05-12T22:48:44.224Z"}}
{"timestamp":"2026-05-12T22:48:44.225Z","riskLevel":"CLEAN","riskScore":0,"isClean":true,"findings":[],"metadata":{"length":103,"entropy":4.442067394812739,"timestamp":"2026-05-12T22:48:44.225Z"}}
{"timestamp":"2026-05-12T22:48:44.224Z","riskLevel":"CRITICAL","riskScore":100,"isClean":false,"findings":[{"name":"DIRECT_SYSTEM_OVERRIDE","severity":"critical","count":1}],"metadata":{"length":52,"entropy":4.256332334875691,"timestamp":"2026-05-12T22:48:44.224Z"}}
{"timestamp":"2026-05-12T22:48:44.224Z","riskLevel":"CLEAN","riskScore":0,"isClean":true,"findings":[],"metadata":{"length":73,"entropy":4.309315827923255,"timestamp":"2026-05-12T22:48:44.224Z"}}
{"timestamp":"2026-05-12T22:48:44.225Z","riskLevel":"CLEAN","riskScore":0,"isClean":true,"findings":[],"metadata":{"length":32,"entropy":3.952819531114783,"timestamp":"2026-05-12T22:48:44.224Z"}}
{"timestamp":"2026-05-12T22:48:44.225Z","riskLevel":"CLEAN","riskScore":0,"isClean":true,"findings":[],"metadata":{"length":74,"entropy":4.169969997444781,"timestamp":"2026-05-12T22:48:44.225Z"}}
{"timestamp":"2026-05-12T22:48:44.226Z","riskLevel":"CLEAN","riskScore":0,"isClean":true,"findings":[],"metadata":{"length":117,"entropy":4.150877667167709,"timestamp":"2026-05-12T22:48:44.226Z"}}
{"timestamp":"2026-05-12T22:48:44.226Z","riskLevel":"CLEAN","riskScore":0,"isClean":true,"findings":[],"metadata":{"length":109,"entropy":4.179587419955774,"timestamp":"2026-05-12T22:48:44.226Z"}}
{"timestamp":"2026-05-12T22:48:44.226Z","riskLevel":"CLEAN","riskScore":0,"isClean":true,"findings":[],"metadata":{"length":45,"entropy":4.038873585546249,"timestamp":"2026-05-12T22:48:44.226Z"}}
{"timestamp":"2026-05-12T22:48:44.226Z","riskLevel":"CLEAN","riskScore":0,"isClean":true,"findings":[],"metadata":{"length":108,"entropy":4.286538488287234,"timestamp":"2026-05-12T22:48:44.226Z"}}
{"timestamp":"2026-05-12T22:48:44.226Z","riskLevel":"CRITICAL","riskScore":100,"isClean":false,"findings":[{"name":"SYSTEM_PROMPT_EXTRACTION","severity":"critical","count":2}],"metadata":{"length":101,"entropy":4.215792641846825,"timestamp":"2026-05-12T22:48:44.226Z"}}
{"timestamp":"2026-05-12T22:48:44.226Z","riskLevel":"CLEAN","riskScore":0,"isClean":true,"findings":[],"metadata":{"length":79,"entropy":4.274708756170806,"timestamp":"2026-05-12T22:48:44.226Z"}}
{"timestamp":"2026-05-12T22:48:44.225Z","riskLevel":"CLEAN","riskScore":0,"isClean":true,"findings":[],"metadata":{"length":60,"entropy":3.940657206077459,"timestamp":"2026-05-12T22:48:44.225Z"}}
{"timestamp":"2026-05-12T22:48:44.227Z","riskLevel":"CLEAN","riskScore":0,"isClean":true,"findings":[],"metadata":{"length":29,"entropy":3.7419627890379075,"timestamp":"2026-05-12T22:48:44.227Z"}}
{"timestamp":"2026-05-12T22:48:44.227Z","riskLevel":"CLEAN","riskScore":0,"isClean":true,"findings":[],"metadata":{"length":58,"entropy":4.028842264918082,"timestamp":"2026-05-12T22:48:44.227Z"}}
{"timestamp":"2026-05-12T22:48:44.226Z","riskLevel":"CLEAN","riskScore":0,"isClean":true,"findings":[],"metadata":{"length":60,"entropy":2.8176485433950105,"timestamp":"2026-05-12T22:48:44.226Z"}}
{"timestamp":"2026-05-12T22:48:44.226Z","riskLevel":"CLEAN","riskScore":0,"isClean":true,"findings":[],"metadata":{"length":50,"entropy":4.038242691024846,"timestamp":"2026-05-12T22:48:44.226Z"}}
{"timestamp":"2026-05-12T22:49:54.813Z","riskLevel":"MEDIUM","riskScore":55,"isClean":true,"findings":[{"name":"RESTRICTED_QUERY","severity":"medium","count":1}],"metadata":{"length":37,"entropy":4.026360459931184,"timestamp":"2026-05-12T22:49:54.813Z"}}
{"timestamp":"2026-05-12T22:49:54.812Z","riskLevel":"CLEAN","riskScore":0,"isClean":true,"findings":[],"metadata":{"length":33,"entropy":3.9603202553942918,"timestamp":"2026-05-12T22:49:54.806Z"}}
{"timestamp":"2026-05-12T22:49:54.813Z","riskLevel":"CRITICAL","riskScore":100,"isClean":false,"findings":[{"name":"DIRECT_SYSTEM_OVERRIDE","severity":"critical","count":1},{"name":"DAN_ATTACK","severity":"critical","count":1}],"metadata":{"length":71,"entropy":4.104671633926683,"timestamp":"2026-05-12T22:49:54.813Z"}}
{"timestamp":"2026-05-12T22:49:54.814Z","riskLevel":"MEDIUM","riskScore":65,"isClean":true,"findings":[{"name":"BASE64_ENCODED","severity":"high","count":1}],"metadata":{"length":92,"entropy":5.232603738986271,"timestamp":"2026-05-12T22:49:54.814Z"}}
{"timestamp":"2026-05-12T22:49:54.813Z","riskLevel":"CRITICAL","riskScore":100,"isClean":false,"findings":[{"name":"DIRECT_SYSTEM_OVERRIDE","severity":"critical","count":1},{"name":"DAN_ATTACK","severity":"critical","count":2}],"metadata":{"length":67,"entropy":4.242880564809695,"timestamp":"2026-05-12T22:49:54.813Z"}}
{"timestamp":"2026-05-12T22:49:54.814Z","riskLevel":"CLEAN","riskScore":0,"isClean":true,"findings":[],"metadata":{"length":73,"entropy":4.481025594201315,"timestamp":"2026-05-12T22:49:54.814Z"}}
{"timestamp":"2026-05-12T22:49:54.814Z","riskLevel":"CLEAN","riskScore":0,"isClean":true,"findings":[],"metadata":{"length":73,"entropy":4.309315827923255,"timestamp":"2026-05-12T22:49:54.814Z"}}
{"timestamp":"2026-05-12T22:49:54.814Z","riskLevel":"CRITICAL","riskScore":100,"isClean":false,"findings":[{"name":"DIRECT_SYSTEM_OVERRIDE","severity":"critical","count":1}],"metadata":{"length":52,"entropy":4.256332334875691,"timestamp":"2026-05-12T22:49:54.814Z"}}
{"timestamp":"2026-05-12T22:49:54.815Z","riskLevel":"CLEAN","riskScore":0,"isClean":true,"findings":[],"metadata":{"length":103,"entropy":4.442067394812739,"timestamp":"2026-05-12T22:49:54.815Z"}}
{"timestamp":"2026-05-12T22:49:54.815Z","riskLevel":"CLEAN","riskScore":0,"isClean":true,"findings":[],"metadata":{"length":32,"entropy":3.952819531114783,"timestamp":"2026-05-12T22:49:54.814Z"}}
{"timestamp":"2026-05-12T22:49:54.815Z","riskLevel":"CLEAN","riskScore":0,"isClean":true,"findings":[],"metadata":{"length":117,"entropy":4.150877667167709,"timestamp":"2026-05-12T22:49:54.815Z"}}
{"timestamp":"2026-05-12T22:49:54.814Z","riskLevel":"CLEAN","riskScore":0,"isClean":true,"findings":[],"metadata":{"length":69,"entropy":4.124697878928579,"timestamp":"2026-05-12T22:49:54.814Z"}}
{"timestamp":"2026-05-12T22:49:54.816Z","riskLevel":"CLEAN","riskScore":0,"isClean":true,"findings":[],"metadata":{"length":109,"entropy":4.179587419955774,"timestamp":"2026-05-12T22:49:54.816Z"}}
{"timestamp":"2026-05-12T22:49:54.815Z","riskLevel":"CLEAN","riskScore":0,"isClean":true,"findings":[],"metadata":{"length":60,"entropy":3.940657206077459,"timestamp":"2026-05-12T22:49:54.815Z"}}
{"timestamp":"2026-05-12T22:49:54.815Z","riskLevel":"CLEAN","riskScore":0,"isClean":true,"findings":[],"metadata":{"length":74,"entropy":4.169969997444781,"timestamp":"2026-05-12T22:49:54.815Z"}}
{"timestamp":"2026-05-12T22:49:54.817Z","riskLevel":"CRITICAL","riskScore":100,"isClean":false,"findings":[{"name":"SYSTEM_PROMPT_EXTRACTION","severity":"critical","count":2}],"metadata":{"length":101,"entropy":4.215792641846825,"timestamp":"2026-05-12T22:49:54.816Z"}}
{"timestamp":"2026-05-12T22:49:54.817Z","riskLevel":"CLEAN","riskScore":0,"isClean":true,"findings":[],"metadata":{"length":79,"entropy":4.274708756170806,"timestamp":"2026-05-12T22:49:54.817Z"}}
{"timestamp":"2026-05-12T22:49:54.816Z","riskLevel":"CLEAN","riskScore":0,"isClean":true,"findings":[],"metadata":{"length":108,"entropy":4.286538488287234,"timestamp":"2026-05-12T22:49:54.816Z"}}
{"timestamp":"2026-05-12T22:49:54.815Z","riskLevel":"CLEAN","riskScore":0,"isClean":true,"findings":[],"metadata":{"length":45,"entropy":4.038873585546249,"timestamp":"2026-05-12T22:49:54.815Z"}}
{"timestamp":"2026-05-12T22:49:54.817Z","riskLevel":"CLEAN","riskScore":0,"isClean":true,"findings":[],"metadata":{"length":60,"entropy":2.8176485433950105,"timestamp":"2026-05-12T22:49:54.817Z"}}
{"timestamp":"2026-05-12T22:49:54.817Z","riskLevel":"CLEAN","riskScore":0,"isClean":true,"findings":[],"metadata":{"length":29,"entropy":3.7419627890379075,"timestamp":"2026-05-12T22:49:54.817Z"}}
{"timestamp":"2026-05-12T22:49:54.817Z","riskLevel":"CLEAN","riskScore":0,"isClean":true,"findings":[],"metadata":{"length":50,"entropy":4.038242691024846,"timestamp":"2026-05-12T22:49:54.817Z"}}
{"timestamp":"2026-05-12T22:49:54.817Z","riskLevel":"CLEAN","riskScore":0,"isClean":true,"findings":[],"metadata":{"length":58,"entropy":4.028842264918082,"timestamp":"2026-05-12T22:49:54.817Z"}}
