{"timestamp":"2026-05-12T21:33:12.175Z","riskLevel":"CLEAN","riskScore":0,"isClean":true,"findings":[],"metadata":{"length":25,"entropy":3.683856189774724,"timestamp":"2026-05-12T21:33:12.172Z"}}
{"timestamp":"2026-05-12T21:33:12.177Z","riskLevel":"CLEAN","riskScore":0,"isClean":true,"findings":[],"metadata":{"length":107,"entropy":4.159006946165752,"timestamp":"2026-05-12T21:33:12.176Z"}}
{"timestamp":"2026-05-12T21:33:12.177Z","riskLevel":"CRITICAL","riskScore":100,"isClean":false,"findings":[{"name":"DIRECT_SYSTEM_OVERRIDE","severity":"critical","count":1},{"name":"SYSTEM_PROMPT_EXTRACTION","severity":"critical","count":1}],"metadata":{"length":62,"entropy":4.0168876984763155,"timestamp":"2026-05-12T21:33:12.177Z"}}
{"timestamp":"2026-05-12T21:33:12.177Z","riskLevel":"CLEAN","riskScore":0,"isClean":true,"findings":[],"metadata":{"length":60,"entropy":4.044413829577611,"timestamp":"2026-05-12T21:33:12.177Z"}}
{"timestamp":"2026-05-12T21:33:12.176Z","riskLevel":"CLEAN","riskScore":0,"isClean":true,"findings":[],"metadata":{"length":37,"entropy":4.114066203115955,"timestamp":"2026-05-12T21:33:12.176Z"}}
{"timestamp":"2026-05-12T21:33:12.178Z","riskLevel":"CLEAN","riskScore":0,"isClean":true,"findings":[],"metadata":{"length":44,"entropy":4.416833823616224,"timestamp":"2026-05-12T21:33:12.178Z"}}
{"timestamp":"2026-05-12T21:33:12.178Z","riskLevel":"CRITICAL","riskScore":100,"isClean":false,"findings":[{"name":"ROLE_CHANGE_ATTACK","severity":"critical","count":1},{"name":"MARKDOWN_INJECTION","severity":"high","count":1}],"metadata":{"length":44,"entropy":4.04718240301417,"timestamp":"2026-05-12T21:33:12.178Z"}}
{"timestamp":"2026-05-12T21:33:12.178Z","riskLevel":"CRITICAL","riskScore":90,"isClean":false,"findings":[{"name":"DAN_ATTACK","severity":"critical","count":1}],"metadata":{"length":49,"entropy":3.8713236815596863,"timestamp":"2026-05-12T21:33:12.177Z"}}
{"timestamp":"2026-05-12T21:33:12.178Z","riskLevel":"CRITICAL","riskScore":100,"isClean":false,"findings":[{"name":"HIDDEN_UNICODE","severity":"high","count":3}],"metadata":{"length":28,"entropy":4.056656707462823,"timestamp":"2026-05-12T21:33:12.178Z"}}
{"timestamp":"2026-05-12T21:33:12.177Z","riskLevel":"CRITICAL","riskScore":100,"isClean":false,"findings":[{"name":"DAN_ATTACK","severity":"critical","count":2}],"metadata":{"length":64,"entropy":4.327066369049408,"timestamp":"2026-05-12T21:33:12.177Z"}}
{"timestamp":"2026-05-12T21:33:12.179Z","riskLevel":"MEDIUM","riskScore":65,"isClean":true,"findings":[{"name":"BASE64_ENCODED","severity":"high","count":1}],"metadata":{"length":48,"entropy":4.613521032323435,"timestamp":"2026-05-12T21:33:12.179Z"}}
{"timestamp":"2026-05-12T21:33:12.179Z","riskLevel":"MEDIUM","riskScore":55,"isClean":true,"findings":[{"name":"ROLE_CONFUSION","severity":"medium","count":1}],"metadata":{"length":39,"entropy":3.919140359499574,"timestamp":"2026-05-12T21:33:12.179Z"}}
{"timestamp":"2026-05-12T21:33:12.179Z","riskLevel":"LOW","riskScore":40,"isClean":true,"findings":[{"name":"SUSPICIOUS_FORMATTING","severity":"low","count":1}],"metadata":{"length":15,"entropy":2.6825887305018328,"timestamp":"2026-05-12T21:33:12.179Z"}}
{"timestamp":"2026-05-12T21:33:12.179Z","riskLevel":"CLEAN","riskScore":0,"isClean":true,"findings":[],"metadata":{"length":37,"entropy":4.026360459931184,"timestamp":"2026-05-12T21:33:12.179Z"}}
{"timestamp":"2026-05-12T21:33:12.179Z","riskLevel":"MEDIUM","riskScore":50,"isClean":true,"findings":[{"name":"CONTEXT_SWITCH","severity":"medium","count":1}],"metadata":{"length":39,"entropy":4.211702142428217,"timestamp":"2026-05-12T21:33:12.179Z"}}
{"timestamp":"2026-05-12T21:33:12.179Z","riskLevel":"CRITICAL","riskScore":100,"isClean":false,"findings":[{"name":"DIRECT_SYSTEM_OVERRIDE","severity":"critical","count":1},{"name":"DAN_ATTACK","severity":"critical","count":1},{"name":"INSTRUCTION_SEPARATION","severity":"high","count":1}],"metadata":{"length":126,"entropy":4.47024224798782,"timestamp":"2026-05-12T21:33:12.179Z"}}
{"timestamp":"2026-05-12T21:33:12.179Z","riskLevel":"CRITICAL","riskScore":95,"isClean":false,"findings":[{"name":"SYSTEM_PROMPT_EXTRACTION","severity":"critical","count":1}],"metadata":{"length":96,"entropy":4.167388153738674,"timestamp":"2026-05-12T21:33:12.179Z"}}
{"timestamp":"2026-05-12T21:33:49.761Z","riskLevel":"CLEAN","riskScore":0,"isClean":true,"findings":[],"metadata":{"length":25,"entropy":3.683856189774724,"timestamp":"2026-05-12T21:33:49.759Z"}}
{"timestamp":"2026-05-12T21:33:49.762Z","riskLevel":"CLEAN","riskScore":0,"isClean":true,"findings":[],"metadata":{"length":37,"entropy":4.114066203115955,"timestamp":"2026-05-12T21:33:49.762Z"}}
{"timestamp":"2026-05-12T21:33:49.762Z","riskLevel":"CLEAN","riskScore":0,"isClean":true,"findings":[],"metadata":{"length":107,"entropy":4.159006946165752,"timestamp":"2026-05-12T21:33:49.762Z"}}
{"timestamp":"2026-05-12T21:33:49.763Z","riskLevel":"CRITICAL","riskScore":100,"isClean":false,"findings":[{"name":"DAN_ATTACK","severity":"critical","count":2}],"metadata":{"length":64,"entropy":4.327066369049408,"timestamp":"2026-05-12T21:33:49.763Z"}}
{"timestamp":"2026-05-12T21:33:49.763Z","riskLevel":"CRITICAL","riskScore":100,"isClean":false,"findings":[{"name":"DIRECT_SYSTEM_OVERRIDE","severity":"critical","count":1},{"name":"SYSTEM_PROMPT_EXTRACTION","severity":"critical","count":1}],"metadata":{"length":62,"entropy":4.0168876984763155,"timestamp":"2026-05-12T21:33:49.763Z"}}
{"timestamp":"2026-05-12T21:33:49.763Z","riskLevel":"CRITICAL","riskScore":90,"isClean":false,"findings":[{"name":"DAN_ATTACK","severity":"critical","count":1}],"metadata":{"length":49,"entropy":3.8713236815596863,"timestamp":"2026-05-12T21:33:49.763Z"}}
{"timestamp":"2026-05-12T21:33:49.763Z","riskLevel":"CLEAN","riskScore":0,"isClean":true,"findings":[],"metadata":{"length":60,"entropy":4.044413829577611,"timestamp":"2026-05-12T21:33:49.763Z"}}
{"timestamp":"2026-05-12T21:33:49.764Z","riskLevel":"CRITICAL","riskScore":100,"isClean":false,"findings":[{"name":"ROLE_CHANGE_ATTACK","severity":"critical","count":1},{"name":"MARKDOWN_INJECTION","severity":"high","count":1}],"metadata":{"length":44,"entropy":4.04718240301417,"timestamp":"2026-05-12T21:33:49.764Z"}}
{"timestamp":"2026-05-12T21:33:49.764Z","riskLevel":"CLEAN","riskScore":0,"isClean":true,"findings":[],"metadata":{"length":44,"entropy":4.416833823616224,"timestamp":"2026-05-12T21:33:49.764Z"}}
{"timestamp":"2026-05-12T21:33:49.765Z","riskLevel":"CRITICAL","riskScore":100,"isClean":false,"findings":[{"name":"HIDDEN_UNICODE","severity":"high","count":3}],"metadata":{"length":28,"entropy":4.056656707462823,"timestamp":"2026-05-12T21:33:49.764Z"}}
{"timestamp":"2026-05-12T21:33:49.765Z","riskLevel":"MEDIUM","riskScore":55,"isClean":true,"findings":[{"name":"ROLE_CONFUSION","severity":"medium","count":1}],"metadata":{"length":39,"entropy":3.919140359499574,"timestamp":"2026-05-12T21:33:49.765Z"}}
{"timestamp":"2026-05-12T21:33:49.765Z","riskLevel":"MEDIUM","riskScore":65,"isClean":true,"findings":[{"name":"BASE64_ENCODED","severity":"high","count":1}],"metadata":{"length":48,"entropy":4.613521032323435,"timestamp":"2026-05-12T21:33:49.765Z"}}
{"timestamp":"2026-05-12T21:33:49.765Z","riskLevel":"CLEAN","riskScore":0,"isClean":true,"findings":[],"metadata":{"length":37,"entropy":4.026360459931184,"timestamp":"2026-05-12T21:33:49.765Z"}}
{"timestamp":"2026-05-12T21:33:49.765Z","riskLevel":"MEDIUM","riskScore":50,"isClean":true,"findings":[{"name":"CONTEXT_SWITCH","severity":"medium","count":1}],"metadata":{"length":39,"entropy":4.211702142428217,"timestamp":"2026-05-12T21:33:49.765Z"}}
{"timestamp":"2026-05-12T21:33:49.765Z","riskLevel":"LOW","riskScore":40,"isClean":true,"findings":[{"name":"SUSPICIOUS_FORMATTING","severity":"low","count":1}],"metadata":{"length":15,"entropy":2.6825887305018328,"timestamp":"2026-05-12T21:33:49.765Z"}}
{"timestamp":"2026-05-12T21:33:49.765Z","riskLevel":"CRITICAL","riskScore":100,"isClean":false,"findings":[{"name":"DIRECT_SYSTEM_OVERRIDE","severity":"critical","count":1},{"name":"DAN_ATTACK","severity":"critical","count":1},{"name":"FAKE_SYSTEM_MESSAGE","severity":"high","count":1},{"name":"INSTRUCTION_SEPARATION","severity":"high","count":1}],"metadata":{"length":126,"entropy":4.47024224798782,"timestamp":"2026-05-12T21:33:49.765Z"}}
{"timestamp":"2026-05-12T21:33:49.766Z","riskLevel":"CRITICAL","riskScore":95,"isClean":false,"findings":[{"name":"SYSTEM_PROMPT_EXTRACTION","severity":"critical","count":1}],"metadata":{"length":96,"entropy":4.167388153738674,"timestamp":"2026-05-12T21:33:49.766Z"}}
{"timestamp":"2026-05-12T21:36:46.790Z","riskLevel":"CLEAN","riskScore":0,"isClean":true,"findings":[],"metadata":{"length":37,"entropy":4.114066203115955,"timestamp":"2026-05-12T21:36:46.790Z"}}
{"timestamp":"2026-05-12T21:36:46.791Z","riskLevel":"CRITICAL","riskScore":100,"isClean":false,"findings":[{"name":"DIRECT_SYSTEM_OVERRIDE","severity":"critical","count":1},{"name":"SYSTEM_PROMPT_EXTRACTION","severity":"critical","count":1}],"metadata":{"length":62,"entropy":4.0168876984763155,"timestamp":"2026-05-12T21:36:46.790Z"}}
{"timestamp":"2026-05-12T21:36:46.791Z","riskLevel":"CRITICAL","riskScore":100,"isClean":false,"findings":[{"name":"DAN_ATTACK","severity":"critical","count":2}],"metadata":{"length":64,"entropy":4.327066369049408,"timestamp":"2026-05-12T21:36:46.791Z"}}
{"timestamp":"2026-05-12T21:36:46.789Z","riskLevel":"CLEAN","riskScore":0,"isClean":true,"findings":[],"metadata":{"length":25,"entropy":3.683856189774724,"timestamp":"2026-05-12T21:36:46.787Z"}}
{"timestamp":"2026-05-12T21:36:46.790Z","riskLevel":"CLEAN","riskScore":0,"isClean":true,"findings":[],"metadata":{"length":107,"entropy":4.159006946165752,"timestamp":"2026-05-12T21:36:46.790Z"}}
{"timestamp":"2026-05-12T21:36:46.791Z","riskLevel":"CRITICAL","riskScore":90,"isClean":false,"findings":[{"name":"DAN_ATTACK","severity":"critical","count":1}],"metadata":{"length":49,"entropy":3.8713236815596863,"timestamp":"2026-05-12T21:36:46.791Z"}}
{"timestamp":"2026-05-12T21:36:46.791Z","riskLevel":"CRITICAL","riskScore":100,"isClean":false,"findings":[{"name":"ROLE_CHANGE_ATTACK","severity":"critical","count":1},{"name":"MARKDOWN_INJECTION","severity":"high","count":1}],"metadata":{"length":44,"entropy":4.04718240301417,"timestamp":"2026-05-12T21:36:46.791Z"}}
{"timestamp":"2026-05-12T21:36:46.792Z","riskLevel":"CLEAN","riskScore":0,"isClean":true,"findings":[],"metadata":{"length":44,"entropy":4.416833823616224,"timestamp":"2026-05-12T21:36:46.792Z"}}
{"timestamp":"2026-05-12T21:36:46.792Z","riskLevel":"CRITICAL","riskScore":100,"isClean":false,"findings":[{"name":"HIDDEN_UNICODE","severity":"high","count":3}],"metadata":{"length":28,"entropy":4.056656707462823,"timestamp":"2026-05-12T21:36:46.792Z"}}
{"timestamp":"2026-05-12T21:36:46.791Z","riskLevel":"CLEAN","riskScore":0,"isClean":true,"findings":[],"metadata":{"length":60,"entropy":4.044413829577611,"timestamp":"2026-05-12T21:36:46.791Z"}}
{"timestamp":"2026-05-12T21:36:46.792Z","riskLevel":"MEDIUM","riskScore":65,"isClean":true,"findings":[{"name":"BASE64_ENCODED","severity":"high","count":1}],"metadata":{"length":48,"entropy":4.613521032323435,"timestamp":"2026-05-12T21:36:46.792Z"}}
{"timestamp":"2026-05-12T21:36:46.793Z","riskLevel":"MEDIUM","riskScore":55,"isClean":true,"findings":[{"name":"ROLE_CONFUSION","severity":"medium","count":1}],"metadata":{"length":39,"entropy":3.919140359499574,"timestamp":"2026-05-12T21:36:46.793Z"}}
{"timestamp":"2026-05-12T21:36:46.793Z","riskLevel":"CLEAN","riskScore":0,"isClean":true,"findings":[],"metadata":{"length":37,"entropy":4.026360459931184,"timestamp":"2026-05-12T21:36:46.793Z"}}
{"timestamp":"2026-05-12T21:36:46.793Z","riskLevel":"MEDIUM","riskScore":50,"isClean":true,"findings":[{"name":"CONTEXT_SWITCH","severity":"medium","count":1}],"metadata":{"length":39,"entropy":4.211702142428217,"timestamp":"2026-05-12T21:36:46.793Z"}}
{"timestamp":"2026-05-12T21:36:46.793Z","riskLevel":"LOW","riskScore":40,"isClean":true,"findings":[{"name":"SUSPICIOUS_FORMATTING","severity":"low","count":1}],"metadata":{"length":15,"entropy":2.6825887305018328,"timestamp":"2026-05-12T21:36:46.793Z"}}
{"timestamp":"2026-05-12T21:36:46.793Z","riskLevel":"CRITICAL","riskScore":95,"isClean":false,"findings":[{"name":"SYSTEM_PROMPT_EXTRACTION","severity":"critical","count":1}],"metadata":{"length":96,"entropy":4.167388153738674,"timestamp":"2026-05-12T21:36:46.793Z"}}
{"timestamp":"2026-05-12T21:36:46.793Z","riskLevel":"CRITICAL","riskScore":100,"isClean":false,"findings":[{"name":"DIRECT_SYSTEM_OVERRIDE","severity":"critical","count":1},{"name":"DAN_ATTACK","severity":"critical","count":1},{"name":"FAKE_SYSTEM_MESSAGE","severity":"high","count":1},{"name":"INSTRUCTION_SEPARATION","severity":"high","count":1}],"metadata":{"length":126,"entropy":4.47024224798782,"timestamp":"2026-05-12T21:36:46.793Z"}}
{"timestamp":"2026-05-12T21:37:23.334Z","riskLevel":"CLEAN","riskScore":0,"isClean":true,"findings":[],"metadata":{"length":25,"entropy":3.683856189774724,"timestamp":"2026-05-12T21:37:23.332Z"}}
{"timestamp":"2026-05-12T21:37:23.335Z","riskLevel":"CLEAN","riskScore":0,"isClean":true,"findings":[],"metadata":{"length":37,"entropy":4.114066203115955,"timestamp":"2026-05-12T21:37:23.335Z"}}
{"timestamp":"2026-05-12T21:37:23.335Z","riskLevel":"CLEAN","riskScore":0,"isClean":true,"findings":[],"metadata":{"length":107,"entropy":4.159006946165752,"timestamp":"2026-05-12T21:37:23.335Z"}}
{"timestamp":"2026-05-12T21:37:23.336Z","riskLevel":"CRITICAL","riskScore":100,"isClean":false,"findings":[{"name":"SYSTEM_PROMPT_EXTRACTION","severity":"critical","count":2}],"metadata":{"length":54,"entropy":3.986666327064136,"timestamp":"2026-05-12T21:37:23.335Z"}}
{"timestamp":"2026-05-12T21:37:23.336Z","riskLevel":"CRITICAL","riskScore":100,"isClean":false,"findings":[{"name":"ROLE_CHANGE_ATTACK","severity":"critical","count":1},{"name":"MARKDOWN_INJECTION","severity":"high","count":1}],"metadata":{"length":44,"entropy":4.04718240301417,"timestamp":"2026-05-12T21:37:23.336Z"}}
{"timestamp":"2026-05-12T21:37:23.335Z","riskLevel":"CRITICAL","riskScore":100,"isClean":false,"findings":[{"name":"DIRECT_SYSTEM_OVERRIDE","severity":"critical","count":1},{"name":"SYSTEM_PROMPT_EXTRACTION","severity":"critical","count":1}],"metadata":{"length":62,"entropy":4.0168876984763155,"timestamp":"2026-05-12T21:37:23.335Z"}}
{"timestamp":"2026-05-12T21:37:23.337Z","riskLevel":"CRITICAL","riskScore":100,"isClean":false,"findings":[{"name":"HIDDEN_UNICODE","severity":"high","count":3}],"metadata":{"length":28,"entropy":4.056656707462823,"timestamp":"2026-05-12T21:37:23.336Z"}}
{"timestamp":"2026-05-12T21:37:23.336Z","riskLevel":"CRITICAL","riskScore":90,"isClean":false,"findings":[{"name":"DAN_ATTACK","severity":"critical","count":1}],"metadata":{"length":49,"entropy":3.8713236815596863,"timestamp":"2026-05-12T21:37:23.336Z"}}
{"timestamp":"2026-05-12T21:37:23.336Z","riskLevel":"CLEAN","riskScore":0,"isClean":true,"findings":[],"metadata":{"length":44,"entropy":4.416833823616224,"timestamp":"2026-05-12T21:37:23.336Z"}}
{"timestamp":"2026-05-12T21:37:23.337Z","riskLevel":"MEDIUM","riskScore":65,"isClean":true,"findings":[{"name":"BASE64_ENCODED","severity":"high","count":1}],"metadata":{"length":48,"entropy":4.613521032323435,"timestamp":"2026-05-12T21:37:23.337Z"}}
{"timestamp":"2026-05-12T21:37:23.335Z","riskLevel":"CRITICAL","riskScore":100,"isClean":false,"findings":[{"name":"DAN_ATTACK","severity":"critical","count":2}],"metadata":{"length":64,"entropy":4.327066369049408,"timestamp":"2026-05-12T21:37:23.335Z"}}
{"timestamp":"2026-05-12T21:37:23.337Z","riskLevel":"MEDIUM","riskScore":50,"isClean":true,"findings":[{"name":"CONTEXT_SWITCH","severity":"medium","count":1}],"metadata":{"length":39,"entropy":4.211702142428217,"timestamp":"2026-05-12T21:37:23.337Z"}}
{"timestamp":"2026-05-12T21:37:23.337Z","riskLevel":"CRITICAL","riskScore":100,"isClean":false,"findings":[{"name":"DIRECT_SYSTEM_OVERRIDE","severity":"critical","count":1},{"name":"DAN_ATTACK","severity":"critical","count":1},{"name":"FAKE_SYSTEM_MESSAGE","severity":"high","count":1},{"name":"INSTRUCTION_SEPARATION","severity":"high","count":1}],"metadata":{"length":126,"entropy":4.47024224798782,"timestamp":"2026-05-12T21:37:23.337Z"}}
{"timestamp":"2026-05-12T21:37:23.337Z","riskLevel":"MEDIUM","riskScore":55,"isClean":true,"findings":[{"name":"ROLE_CONFUSION","severity":"medium","count":1}],"metadata":{"length":39,"entropy":3.919140359499574,"timestamp":"2026-05-12T21:37:23.337Z"}}
{"timestamp":"2026-05-12T21:37:23.337Z","riskLevel":"CLEAN","riskScore":0,"isClean":true,"findings":[],"metadata":{"length":37,"entropy":4.026360459931184,"timestamp":"2026-05-12T21:37:23.337Z"}}
{"timestamp":"2026-05-12T21:37:23.337Z","riskLevel":"LOW","riskScore":40,"isClean":true,"findings":[{"name":"SUSPICIOUS_FORMATTING","severity":"low","count":1}],"metadata":{"length":15,"entropy":2.6825887305018328,"timestamp":"2026-05-12T21:37:23.337Z"}}
{"timestamp":"2026-05-12T21:37:23.337Z","riskLevel":"CRITICAL","riskScore":95,"isClean":false,"findings":[{"name":"SYSTEM_PROMPT_EXTRACTION","severity":"critical","count":1}],"metadata":{"length":96,"entropy":4.167388153738674,"timestamp":"2026-05-12T21:37:23.337Z"}}
{"timestamp":"2026-05-12T21:38:09.988Z","riskLevel":"CLEAN","riskScore":0,"isClean":true,"findings":[],"metadata":{"length":107,"entropy":4.159006946165752,"timestamp":"2026-05-12T21:38:09.988Z"}}
{"timestamp":"2026-05-12T21:38:09.987Z","riskLevel":"CLEAN","riskScore":0,"isClean":true,"findings":[],"metadata":{"length":25,"entropy":3.683856189774724,"timestamp":"2026-05-12T21:38:09.985Z"}}
{"timestamp":"2026-05-12T21:38:09.988Z","riskLevel":"CRITICAL","riskScore":100,"isClean":false,"findings":[{"name":"DIRECT_SYSTEM_OVERRIDE","severity":"critical","count":1},{"name":"SYSTEM_PROMPT_EXTRACTION","severity":"critical","count":1}],"metadata":{"length":62,"entropy":4.0168876984763155,"timestamp":"2026-05-12T21:38:09.988Z"}}
{"timestamp":"2026-05-12T21:38:09.987Z","riskLevel":"CLEAN","riskScore":0,"isClean":true,"findings":[],"metadata":{"length":37,"entropy":4.114066203115955,"timestamp":"2026-05-12T21:38:09.987Z"}}
{"timestamp":"2026-05-12T21:38:09.988Z","riskLevel":"CRITICAL","riskScore":100,"isClean":false,"findings":[{"name":"DAN_ATTACK","severity":"critical","count":2}],"metadata":{"length":64,"entropy":4.327066369049408,"timestamp":"2026-05-12T21:38:09.988Z"}}
{"timestamp":"2026-05-12T21:38:09.989Z","riskLevel":"CRITICAL","riskScore":100,"isClean":false,"findings":[{"name":"SYSTEM_PROMPT_EXTRACTION","severity":"critical","count":2}],"metadata":{"length":54,"entropy":3.986666327064136,"timestamp":"2026-05-12T21:38:09.988Z"}}
{"timestamp":"2026-05-12T21:38:09.989Z","riskLevel":"CRITICAL","riskScore":90,"isClean":false,"findings":[{"name":"DAN_ATTACK","severity":"critical","count":1}],"metadata":{"length":49,"entropy":3.8713236815596863,"timestamp":"2026-05-12T21:38:09.989Z"}}
{"timestamp":"2026-05-12T21:38:09.989Z","riskLevel":"CRITICAL","riskScore":100,"isClean":false,"findings":[{"name":"ROLE_CHANGE_ATTACK","severity":"critical","count":1},{"name":"MARKDOWN_INJECTION","severity":"high","count":1}],"metadata":{"length":44,"entropy":4.04718240301417,"timestamp":"2026-05-12T21:38:09.989Z"}}
{"timestamp":"2026-05-12T21:38:09.989Z","riskLevel":"CLEAN","riskScore":0,"isClean":true,"findings":[],"metadata":{"length":44,"entropy":4.416833823616224,"timestamp":"2026-05-12T21:38:09.989Z"}}
{"timestamp":"2026-05-12T21:38:09.990Z","riskLevel":"CRITICAL","riskScore":100,"isClean":false,"findings":[{"name":"HIDDEN_UNICODE","severity":"high","count":3}],"metadata":{"length":28,"entropy":4.056656707462823,"timestamp":"2026-05-12T21:38:09.989Z"}}
{"timestamp":"2026-05-12T21:38:09.990Z","riskLevel":"CLEAN","riskScore":0,"isClean":true,"findings":[],"metadata":{"length":37,"entropy":4.026360459931184,"timestamp":"2026-05-12T21:38:09.990Z"}}
{"timestamp":"2026-05-12T21:38:09.990Z","riskLevel":"MEDIUM","riskScore":65,"isClean":true,"findings":[{"name":"BASE64_ENCODED","severity":"high","count":1}],"metadata":{"length":48,"entropy":4.613521032323435,"timestamp":"2026-05-12T21:38:09.990Z"}}
{"timestamp":"2026-05-12T21:38:09.990Z","riskLevel":"MEDIUM","riskScore":50,"isClean":true,"findings":[{"name":"CONTEXT_SWITCH","severity":"medium","count":1}],"metadata":{"length":39,"entropy":4.211702142428217,"timestamp":"2026-05-12T21:38:09.990Z"}}
{"timestamp":"2026-05-12T21:38:09.990Z","riskLevel":"MEDIUM","riskScore":55,"isClean":true,"findings":[{"name":"ROLE_CONFUSION","severity":"medium","count":1}],"metadata":{"length":39,"entropy":3.919140359499574,"timestamp":"2026-05-12T21:38:09.990Z"}}
{"timestamp":"2026-05-12T21:38:09.990Z","riskLevel":"CRITICAL","riskScore":100,"isClean":false,"findings":[{"name":"DIRECT_SYSTEM_OVERRIDE","severity":"critical","count":1},{"name":"DAN_ATTACK","severity":"critical","count":1},{"name":"FAKE_SYSTEM_MESSAGE","severity":"high","count":1},{"name":"INSTRUCTION_SEPARATION","severity":"high","count":1}],"metadata":{"length":126,"entropy":4.47024224798782,"timestamp":"2026-05-12T21:38:09.990Z"}}
{"timestamp":"2026-05-12T21:38:09.990Z","riskLevel":"LOW","riskScore":40,"isClean":true,"findings":[{"name":"SUSPICIOUS_FORMATTING","severity":"low","count":1}],"metadata":{"length":15,"entropy":2.6825887305018328,"timestamp":"2026-05-12T21:38:09.990Z"}}
{"timestamp":"2026-05-12T21:38:09.991Z","riskLevel":"CRITICAL","riskScore":95,"isClean":false,"findings":[{"name":"SYSTEM_PROMPT_EXTRACTION","severity":"critical","count":1}],"metadata":{"length":96,"entropy":4.167388153738674,"timestamp":"2026-05-12T21:38:09.991Z"}}
{"timestamp":"2026-05-12T21:38:37.252Z","riskLevel":"CLEAN","riskScore":0,"isClean":true,"findings":[],"metadata":{"length":25,"entropy":3.683856189774724,"timestamp":"2026-05-12T21:38:37.250Z"}}
{"timestamp":"2026-05-12T21:38:37.253Z","riskLevel":"CLEAN","riskScore":0,"isClean":true,"findings":[],"metadata":{"length":37,"entropy":4.114066203115955,"timestamp":"2026-05-12T21:38:37.252Z"}}
{"timestamp":"2026-05-12T21:38:37.253Z","riskLevel":"CLEAN","riskScore":0,"isClean":true,"findings":[],"metadata":{"length":107,"entropy":4.159006946165752,"timestamp":"2026-05-12T21:38:37.253Z"}}
{"timestamp":"2026-05-12T21:38:37.253Z","riskLevel":"CRITICAL","riskScore":100,"isClean":false,"findings":[{"name":"DIRECT_SYSTEM_OVERRIDE","severity":"critical","count":1},{"name":"SYSTEM_PROMPT_EXTRACTION","severity":"critical","count":1}],"metadata":{"length":62,"entropy":4.0168876984763155,"timestamp":"2026-05-12T21:38:37.253Z"}}
{"timestamp":"2026-05-12T21:38:37.254Z","riskLevel":"CRITICAL","riskScore":100,"isClean":false,"findings":[{"name":"SYSTEM_PROMPT_EXTRACTION","severity":"critical","count":2}],"metadata":{"length":54,"entropy":3.986666327064136,"timestamp":"2026-05-12T21:38:37.253Z"}}
{"timestamp":"2026-05-12T21:38:37.254Z","riskLevel":"CLEAN","riskScore":0,"isClean":true,"findings":[],"metadata":{"length":44,"entropy":4.416833823616224,"timestamp":"2026-05-12T21:38:37.254Z"}}
{"timestamp":"2026-05-12T21:38:37.254Z","riskLevel":"CRITICAL","riskScore":100,"isClean":false,"findings":[{"name":"ROLE_CHANGE_ATTACK","severity":"critical","count":1},{"name":"MARKDOWN_INJECTION","severity":"high","count":1}],"metadata":{"length":44,"entropy":4.04718240301417,"timestamp":"2026-05-12T21:38:37.254Z"}}
{"timestamp":"2026-05-12T21:38:37.254Z","riskLevel":"CRITICAL","riskScore":100,"isClean":false,"findings":[{"name":"HIDDEN_UNICODE","severity":"high","count":3}],"metadata":{"length":28,"entropy":4.056656707462823,"timestamp":"2026-05-12T21:38:37.254Z"}}
{"timestamp":"2026-05-12T21:38:37.255Z","riskLevel":"MEDIUM","riskScore":65,"isClean":true,"findings":[{"name":"BASE64_ENCODED","severity":"high","count":1}],"metadata":{"length":48,"entropy":4.613521032323435,"timestamp":"2026-05-12T21:38:37.255Z"}}
{"timestamp":"2026-05-12T21:38:37.253Z","riskLevel":"CRITICAL","riskScore":100,"isClean":false,"findings":[{"name":"DAN_ATTACK","severity":"critical","count":2}],"metadata":{"length":64,"entropy":4.327066369049408,"timestamp":"2026-05-12T21:38:37.253Z"}}
{"timestamp":"2026-05-12T21:38:37.255Z","riskLevel":"MEDIUM","riskScore":55,"isClean":true,"findings":[{"name":"ROLE_CONFUSION","severity":"medium","count":1}],"metadata":{"length":39,"entropy":3.919140359499574,"timestamp":"2026-05-12T21:38:37.255Z"}}
{"timestamp":"2026-05-12T21:38:37.255Z","riskLevel":"MEDIUM","riskScore":50,"isClean":true,"findings":[{"name":"CONTEXT_SWITCH","severity":"medium","count":1}],"metadata":{"length":39,"entropy":4.211702142428217,"timestamp":"2026-05-12T21:38:37.255Z"}}
{"timestamp":"2026-05-12T21:38:37.254Z","riskLevel":"CRITICAL","riskScore":90,"isClean":false,"findings":[{"name":"DAN_ATTACK","severity":"critical","count":1}],"metadata":{"length":49,"entropy":3.8713236815596863,"timestamp":"2026-05-12T21:38:37.254Z"}}
{"timestamp":"2026-05-12T21:38:37.255Z","riskLevel":"CLEAN","riskScore":0,"isClean":true,"findings":[],"metadata":{"length":37,"entropy":4.026360459931184,"timestamp":"2026-05-12T21:38:37.255Z"}}
{"timestamp":"2026-05-12T21:38:37.255Z","riskLevel":"LOW","riskScore":40,"isClean":true,"findings":[{"name":"SUSPICIOUS_FORMATTING","severity":"low","count":1}],"metadata":{"length":15,"entropy":2.6825887305018328,"timestamp":"2026-05-12T21:38:37.255Z"}}
{"timestamp":"2026-05-12T21:38:37.255Z","riskLevel":"CRITICAL","riskScore":95,"isClean":false,"findings":[{"name":"SYSTEM_PROMPT_EXTRACTION","severity":"critical","count":1}],"metadata":{"length":96,"entropy":4.167388153738674,"timestamp":"2026-05-12T21:38:37.255Z"}}
{"timestamp":"2026-05-12T21:38:37.255Z","riskLevel":"CRITICAL","riskScore":100,"isClean":false,"findings":[{"name":"DIRECT_SYSTEM_OVERRIDE","severity":"critical","count":1},{"name":"DAN_ATTACK","severity":"critical","count":1},{"name":"FAKE_SYSTEM_MESSAGE","severity":"high","count":1},{"name":"INSTRUCTION_SEPARATION","severity":"high","count":1}],"metadata":{"length":126,"entropy":4.47024224798782,"timestamp":"2026-05-12T21:38:37.255Z"}}
{"timestamp":"2026-05-12T21:39:27.947Z","riskLevel":"CLEAN","riskScore":0,"isClean":true,"findings":[],"metadata":{"length":25,"entropy":3.683856189774724,"timestamp":"2026-05-12T21:39:27.946Z"}}
{"timestamp":"2026-05-12T21:39:27.948Z","riskLevel":"CLEAN","riskScore":0,"isClean":true,"findings":[],"metadata":{"length":37,"entropy":4.114066203115955,"timestamp":"2026-05-12T21:39:27.948Z"}}
{"timestamp":"2026-05-12T21:39:27.949Z","riskLevel":"CRITICAL","riskScore":100,"isClean":false,"findings":[{"name":"DAN_ATTACK","severity":"critical","count":2}],"metadata":{"length":64,"entropy":4.327066369049408,"timestamp":"2026-05-12T21:39:27.948Z"}}
{"timestamp":"2026-05-12T21:39:27.948Z","riskLevel":"CLEAN","riskScore":0,"isClean":true,"findings":[],"metadata":{"length":107,"entropy":4.159006946165752,"timestamp":"2026-05-12T21:39:27.948Z"}}
{"timestamp":"2026-05-12T21:39:27.949Z","riskLevel":"CRITICAL","riskScore":100,"isClean":false,"findings":[{"name":"SYSTEM_PROMPT_EXTRACTION","severity":"critical","count":2}],"metadata":{"length":54,"entropy":3.986666327064136,"timestamp":"2026-05-12T21:39:27.949Z"}}
{"timestamp":"2026-05-12T21:39:27.948Z","riskLevel":"CRITICAL","riskScore":100,"isClean":false,"findings":[{"name":"DIRECT_SYSTEM_OVERRIDE","severity":"critical","count":1},{"name":"SYSTEM_PROMPT_EXTRACTION","severity":"critical","count":1}],"metadata":{"length":62,"entropy":4.0168876984763155,"timestamp":"2026-05-12T21:39:27.948Z"}}
{"timestamp":"2026-05-12T21:39:27.949Z","riskLevel":"CRITICAL","riskScore":100,"isClean":false,"findings":[{"name":"ROLE_CHANGE_ATTACK","severity":"critical","count":1},{"name":"MARKDOWN_INJECTION","severity":"high","count":1}],"metadata":{"length":44,"entropy":4.04718240301417,"timestamp":"2026-05-12T21:39:27.949Z"}}
{"timestamp":"2026-05-12T21:39:27.949Z","riskLevel":"CLEAN","riskScore":0,"isClean":true,"findings":[],"metadata":{"length":44,"entropy":4.416833823616224,"timestamp":"2026-05-12T21:39:27.949Z"}}
{"timestamp":"2026-05-12T21:39:27.949Z","riskLevel":"CRITICAL","riskScore":90,"isClean":false,"findings":[{"name":"DAN_ATTACK","severity":"critical","count":1}],"metadata":{"length":49,"entropy":3.8713236815596863,"timestamp":"2026-05-12T21:39:27.949Z"}}
{"timestamp":"2026-05-12T21:39:27.950Z","riskLevel":"CRITICAL","riskScore":100,"isClean":false,"findings":[{"name":"HIDDEN_UNICODE","severity":"high","count":3}],"metadata":{"length":28,"entropy":4.056656707462823,"timestamp":"2026-05-12T21:39:27.949Z"}}
{"timestamp":"2026-05-12T21:39:27.950Z","riskLevel":"CLEAN","riskScore":0,"isClean":true,"findings":[],"metadata":{"length":37,"entropy":4.026360459931184,"timestamp":"2026-05-12T21:39:27.950Z"}}
{"timestamp":"2026-05-12T21:39:27.950Z","riskLevel":"MEDIUM","riskScore":55,"isClean":true,"findings":[{"name":"ROLE_CONFUSION","severity":"medium","count":1}],"metadata":{"length":39,"entropy":3.919140359499574,"timestamp":"2026-05-12T21:39:27.950Z"}}
{"timestamp":"2026-05-12T21:39:27.950Z","riskLevel":"LOW","riskScore":40,"isClean":true,"findings":[{"name":"SUSPICIOUS_FORMATTING","severity":"low","count":1}],"metadata":{"length":15,"entropy":2.6825887305018328,"timestamp":"2026-05-12T21:39:27.950Z"}}
{"timestamp":"2026-05-12T21:39:27.950Z","riskLevel":"MEDIUM","riskScore":65,"isClean":true,"findings":[{"name":"BASE64_ENCODED","severity":"high","count":1}],"metadata":{"length":48,"entropy":4.613521032323435,"timestamp":"2026-05-12T21:39:27.950Z"}}
{"timestamp":"2026-05-12T21:39:27.950Z","riskLevel":"MEDIUM","riskScore":50,"isClean":true,"findings":[{"name":"CONTEXT_SWITCH","severity":"medium","count":1}],"metadata":{"length":39,"entropy":4.211702142428217,"timestamp":"2026-05-12T21:39:27.950Z"}}
{"timestamp":"2026-05-12T21:39:27.951Z","riskLevel":"CRITICAL","riskScore":100,"isClean":false,"findings":[{"name":"DIRECT_SYSTEM_OVERRIDE","severity":"critical","count":1},{"name":"DAN_ATTACK","severity":"critical","count":1},{"name":"FAKE_SYSTEM_MESSAGE","severity":"high","count":1},{"name":"INSTRUCTION_SEPARATION","severity":"high","count":1}],"metadata":{"length":126,"entropy":4.47024224798782,"timestamp":"2026-05-12T21:39:27.951Z"}}
{"timestamp":"2026-05-12T21:39:27.951Z","riskLevel":"CRITICAL","riskScore":95,"isClean":false,"findings":[{"name":"SYSTEM_PROMPT_EXTRACTION","severity":"critical","count":1}],"metadata":{"length":96,"entropy":4.167388153738674,"timestamp":"2026-05-12T21:39:27.951Z"}}
{"timestamp":"2026-05-12T21:40:45.866Z","riskLevel":"CLEAN","riskScore":0,"isClean":true,"findings":[],"metadata":{"length":25,"entropy":3.683856189774724,"timestamp":"2026-05-12T21:40:45.864Z"}}
{"timestamp":"2026-05-12T21:40:45.867Z","riskLevel":"CLEAN","riskScore":0,"isClean":true,"findings":[],"metadata":{"length":37,"entropy":4.114066203115955,"timestamp":"2026-05-12T21:40:45.866Z"}}
{"timestamp":"2026-05-12T21:40:45.867Z","riskLevel":"CRITICAL","riskScore":100,"isClean":false,"findings":[{"name":"DIRECT_SYSTEM_OVERRIDE","severity":"critical","count":1},{"name":"SYSTEM_PROMPT_EXTRACTION","severity":"critical","count":1}],"metadata":{"length":62,"entropy":4.0168876984763155,"timestamp":"2026-05-12T21:40:45.867Z"}}
{"timestamp":"2026-05-12T21:40:45.868Z","riskLevel":"CRITICAL","riskScore":100,"isClean":false,"findings":[{"name":"SYSTEM_PROMPT_EXTRACTION","severity":"critical","count":2}],"metadata":{"length":54,"entropy":3.986666327064136,"timestamp":"2026-05-12T21:40:45.868Z"}}
{"timestamp":"2026-05-12T21:40:45.867Z","riskLevel":"CLEAN","riskScore":0,"isClean":true,"findings":[],"metadata":{"length":107,"entropy":4.159006946165752,"timestamp":"2026-05-12T21:40:45.867Z"}}
{"timestamp":"2026-05-12T21:40:45.868Z","riskLevel":"CRITICAL","riskScore":90,"isClean":false,"findings":[{"name":"DAN_ATTACK","severity":"critical","count":1}],"metadata":{"length":49,"entropy":3.8713236815596863,"timestamp":"2026-05-12T21:40:45.868Z"}}
{"timestamp":"2026-05-12T21:40:45.868Z","riskLevel":"CRITICAL","riskScore":100,"isClean":false,"findings":[{"name":"ROLE_CHANGE_ATTACK","severity":"critical","count":1},{"name":"MARKDOWN_INJECTION","severity":"high","count":1}],"metadata":{"length":44,"entropy":4.04718240301417,"timestamp":"2026-05-12T21:40:45.868Z"}}
{"timestamp":"2026-05-12T21:40:45.868Z","riskLevel":"CLEAN","riskScore":0,"isClean":true,"findings":[],"metadata":{"length":44,"entropy":4.416833823616224,"timestamp":"2026-05-12T21:40:45.868Z"}}
{"timestamp":"2026-05-12T21:40:45.869Z","riskLevel":"CRITICAL","riskScore":100,"isClean":false,"findings":[{"name":"HIDDEN_UNICODE","severity":"high","count":3}],"metadata":{"length":28,"entropy":4.056656707462823,"timestamp":"2026-05-12T21:40:45.868Z"}}
{"timestamp":"2026-05-12T21:40:45.869Z","riskLevel":"CLEAN","riskScore":0,"isClean":true,"findings":[],"metadata":{"length":37,"entropy":4.026360459931184,"timestamp":"2026-05-12T21:40:45.869Z"}}
{"timestamp":"2026-05-12T21:40:45.869Z","riskLevel":"MEDIUM","riskScore":65,"isClean":true,"findings":[{"name":"BASE64_ENCODED","severity":"high","count":1}],"metadata":{"length":48,"entropy":4.613521032323435,"timestamp":"2026-05-12T21:40:45.869Z"}}
{"timestamp":"2026-05-12T21:40:45.869Z","riskLevel":"MEDIUM","riskScore":55,"isClean":true,"findings":[{"name":"ROLE_CONFUSION","severity":"medium","count":1}],"metadata":{"length":39,"entropy":3.919140359499574,"timestamp":"2026-05-12T21:40:45.869Z"}}
{"timestamp":"2026-05-12T21:40:45.867Z","riskLevel":"CRITICAL","riskScore":100,"isClean":false,"findings":[{"name":"DAN_ATTACK","severity":"critical","count":2}],"metadata":{"length":64,"entropy":4.327066369049408,"timestamp":"2026-05-12T21:40:45.867Z"}}
{"timestamp":"2026-05-12T21:40:45.869Z","riskLevel":"MEDIUM","riskScore":50,"isClean":true,"findings":[{"name":"CONTEXT_SWITCH","severity":"medium","count":1}],"metadata":{"length":39,"entropy":4.211702142428217,"timestamp":"2026-05-12T21:40:45.869Z"}}
{"timestamp":"2026-05-12T21:40:45.869Z","riskLevel":"CRITICAL","riskScore":95,"isClean":false,"findings":[{"name":"SYSTEM_PROMPT_EXTRACTION","severity":"critical","count":1}],"metadata":{"length":96,"entropy":4.167388153738674,"timestamp":"2026-05-12T21:40:45.869Z"}}
{"timestamp":"2026-05-12T21:40:45.869Z","riskLevel":"LOW","riskScore":40,"isClean":true,"findings":[{"name":"SUSPICIOUS_FORMATTING","severity":"low","count":1}],"metadata":{"length":15,"entropy":2.6825887305018328,"timestamp":"2026-05-12T21:40:45.869Z"}}
{"timestamp":"2026-05-12T21:40:45.869Z","riskLevel":"CRITICAL","riskScore":100,"isClean":false,"findings":[{"name":"DIRECT_SYSTEM_OVERRIDE","severity":"critical","count":1},{"name":"DAN_ATTACK","severity":"critical","count":1},{"name":"FAKE_SYSTEM_MESSAGE","severity":"high","count":1},{"name":"INSTRUCTION_SEPARATION","severity":"high","count":1}],"metadata":{"length":126,"entropy":4.47024224798782,"timestamp":"2026-05-12T21:40:45.869Z"}}
{"timestamp":"2026-05-12T21:42:11.722Z","riskLevel":"CLEAN","riskScore":0,"isClean":true,"findings":[],"metadata":{"length":25,"entropy":3.683856189774724,"timestamp":"2026-05-12T21:42:11.721Z"}}
{"timestamp":"2026-05-12T21:42:11.723Z","riskLevel":"CLEAN","riskScore":0,"isClean":true,"findings":[],"metadata":{"length":37,"entropy":4.114066203115955,"timestamp":"2026-05-12T21:42:11.723Z"}}
{"timestamp":"2026-05-12T21:42:11.723Z","riskLevel":"CLEAN","riskScore":0,"isClean":true,"findings":[],"metadata":{"length":107,"entropy":4.159006946165752,"timestamp":"2026-05-12T21:42:11.723Z"}}
{"timestamp":"2026-05-12T21:42:11.724Z","riskLevel":"CRITICAL","riskScore":100,"isClean":false,"findings":[{"name":"DIRECT_SYSTEM_OVERRIDE","severity":"critical","count":1},{"name":"SYSTEM_PROMPT_EXTRACTION","severity":"critical","count":1}],"metadata":{"length":62,"entropy":4.0168876984763155,"timestamp":"2026-05-12T21:42:11.723Z"}}
{"timestamp":"2026-05-12T21:42:11.724Z","riskLevel":"CRITICAL","riskScore":100,"isClean":false,"findings":[{"name":"SYSTEM_PROMPT_EXTRACTION","severity":"critical","count":2}],"metadata":{"length":54,"entropy":3.986666327064136,"timestamp":"2026-05-12T21:42:11.724Z"}}
{"timestamp":"2026-05-12T21:42:11.724Z","riskLevel":"CRITICAL","riskScore":100,"isClean":false,"findings":[{"name":"ROLE_CHANGE_ATTACK","severity":"critical","count":1},{"name":"MARKDOWN_INJECTION","severity":"high","count":1}],"metadata":{"length":44,"entropy":4.04718240301417,"timestamp":"2026-05-12T21:42:11.724Z"}}
{"timestamp":"2026-05-12T21:42:11.725Z","riskLevel":"CRITICAL","riskScore":100,"isClean":false,"findings":[{"name":"HIDDEN_UNICODE","severity":"high","count":3}],"metadata":{"length":28,"entropy":4.056656707462823,"timestamp":"2026-05-12T21:42:11.725Z"}}
{"timestamp":"2026-05-12T21:42:11.724Z","riskLevel":"CRITICAL","riskScore":100,"isClean":false,"findings":[{"name":"DAN_ATTACK","severity":"critical","count":2}],"metadata":{"length":64,"entropy":4.327066369049408,"timestamp":"2026-05-12T21:42:11.724Z"}}
{"timestamp":"2026-05-12T21:42:11.725Z","riskLevel":"CLEAN","riskScore":0,"isClean":true,"findings":[],"metadata":{"length":44,"entropy":4.416833823616224,"timestamp":"2026-05-12T21:42:11.725Z"}}
{"timestamp":"2026-05-12T21:42:11.725Z","riskLevel":"MEDIUM","riskScore":65,"isClean":true,"findings":[{"name":"BASE64_ENCODED","severity":"high","count":1}],"metadata":{"length":48,"entropy":4.613521032323435,"timestamp":"2026-05-12T21:42:11.725Z"}}
{"timestamp":"2026-05-12T21:42:11.726Z","riskLevel":"MEDIUM","riskScore":55,"isClean":true,"findings":[{"name":"ROLE_CONFUSION","severity":"medium","count":1}],"metadata":{"length":39,"entropy":3.919140359499574,"timestamp":"2026-05-12T21:42:11.726Z"}}
{"timestamp":"2026-05-12T21:42:11.724Z","riskLevel":"CRITICAL","riskScore":90,"isClean":false,"findings":[{"name":"DAN_ATTACK","severity":"critical","count":1}],"metadata":{"length":49,"entropy":3.8713236815596863,"timestamp":"2026-05-12T21:42:11.724Z"}}
{"timestamp":"2026-05-12T21:42:11.726Z","riskLevel":"MEDIUM","riskScore":50,"isClean":true,"findings":[{"name":"CONTEXT_SWITCH","severity":"medium","count":1}],"metadata":{"length":39,"entropy":4.211702142428217,"timestamp":"2026-05-12T21:42:11.726Z"}}
{"timestamp":"2026-05-12T21:42:11.726Z","riskLevel":"LOW","riskScore":40,"isClean":true,"findings":[{"name":"SUSPICIOUS_FORMATTING","severity":"low","count":1}],"metadata":{"length":15,"entropy":2.6825887305018328,"timestamp":"2026-05-12T21:42:11.726Z"}}
{"timestamp":"2026-05-12T21:42:11.725Z","riskLevel":"CLEAN","riskScore":0,"isClean":true,"findings":[],"metadata":{"length":37,"entropy":4.026360459931184,"timestamp":"2026-05-12T21:42:11.725Z"}}
{"timestamp":"2026-05-12T21:42:11.726Z","riskLevel":"CRITICAL","riskScore":95,"isClean":false,"findings":[{"name":"SYSTEM_PROMPT_EXTRACTION","severity":"critical","count":1}],"metadata":{"length":96,"entropy":4.167388153738674,"timestamp":"2026-05-12T21:42:11.726Z"}}
{"timestamp":"2026-05-12T21:42:11.726Z","riskLevel":"CRITICAL","riskScore":100,"isClean":false,"findings":[{"name":"DIRECT_SYSTEM_OVERRIDE","severity":"critical","count":1},{"name":"DAN_ATTACK","severity":"critical","count":1},{"name":"FAKE_SYSTEM_MESSAGE","severity":"high","count":1},{"name":"INSTRUCTION_SEPARATION","severity":"high","count":1}],"metadata":{"length":126,"entropy":4.47024224798782,"timestamp":"2026-05-12T21:42:11.726Z"}}
{"timestamp":"2026-05-12T21:43:13.132Z","riskLevel":"CLEAN","riskScore":0,"isClean":true,"findings":[],"metadata":{"length":25,"entropy":3.683856189774724,"timestamp":"2026-05-12T21:43:13.131Z"}}
{"timestamp":"2026-05-12T21:43:13.133Z","riskLevel":"CLEAN","riskScore":0,"isClean":true,"findings":[],"metadata":{"length":37,"entropy":4.114066203115955,"timestamp":"2026-05-12T21:43:13.133Z"}}
{"timestamp":"2026-05-12T21:43:13.134Z","riskLevel":"CRITICAL","riskScore":100,"isClean":false,"findings":[{"name":"DAN_ATTACK","severity":"critical","count":2}],"metadata":{"length":64,"entropy":4.327066369049408,"timestamp":"2026-05-12T21:43:13.133Z"}}
{"timestamp":"2026-05-12T21:43:13.133Z","riskLevel":"CLEAN","riskScore":0,"isClean":true,"findings":[],"metadata":{"length":107,"entropy":4.159006946165752,"timestamp":"2026-05-12T21:43:13.133Z"}}
{"timestamp":"2026-05-12T21:43:13.134Z","riskLevel":"CRITICAL","riskScore":100,"isClean":false,"findings":[{"name":"SYSTEM_PROMPT_EXTRACTION","severity":"critical","count":2}],"metadata":{"length":54,"entropy":3.986666327064136,"timestamp":"2026-05-12T21:43:13.134Z"}}
{"timestamp":"2026-05-12T21:43:13.134Z","riskLevel":"CRITICAL","riskScore":90,"isClean":false,"findings":[{"name":"DAN_ATTACK","severity":"critical","count":1}],"metadata":{"length":49,"entropy":3.8713236815596863,"timestamp":"2026-05-12T21:43:13.134Z"}}
{"timestamp":"2026-05-12T21:43:13.133Z","riskLevel":"CRITICAL","riskScore":100,"isClean":false,"findings":[{"name":"DIRECT_SYSTEM_OVERRIDE","severity":"critical","count":1},{"name":"SYSTEM_PROMPT_EXTRACTION","severity":"critical","count":1}],"metadata":{"length":62,"entropy":4.0168876984763155,"timestamp":"2026-05-12T21:43:13.133Z"}}
{"timestamp":"2026-05-12T21:43:13.134Z","riskLevel":"CRITICAL","riskScore":100,"isClean":false,"findings":[{"name":"ROLE_CHANGE_ATTACK","severity":"critical","count":1},{"name":"MARKDOWN_INJECTION","severity":"high","count":1}],"metadata":{"length":44,"entropy":4.04718240301417,"timestamp":"2026-05-12T21:43:13.134Z"}}
{"timestamp":"2026-05-12T21:43:13.134Z","riskLevel":"CLEAN","riskScore":0,"isClean":true,"findings":[],"metadata":{"length":44,"entropy":4.416833823616224,"timestamp":"2026-05-12T21:43:13.134Z"}}
{"timestamp":"2026-05-12T21:43:13.135Z","riskLevel":"CRITICAL","riskScore":100,"isClean":false,"findings":[{"name":"HIDDEN_UNICODE","severity":"high","count":3}],"metadata":{"length":28,"entropy":4.056656707462823,"timestamp":"2026-05-12T21:43:13.134Z"}}
{"timestamp":"2026-05-12T21:43:13.135Z","riskLevel":"MEDIUM","riskScore":55,"isClean":true,"findings":[{"name":"ROLE_CONFUSION","severity":"medium","count":1}],"metadata":{"length":39,"entropy":3.919140359499574,"timestamp":"2026-05-12T21:43:13.135Z"}}
{"timestamp":"2026-05-12T21:43:13.135Z","riskLevel":"MEDIUM","riskScore":65,"isClean":true,"findings":[{"name":"BASE64_ENCODED","severity":"high","count":1}],"metadata":{"length":48,"entropy":4.613521032323435,"timestamp":"2026-05-12T21:43:13.135Z"}}
{"timestamp":"2026-05-12T21:43:13.135Z","riskLevel":"MEDIUM","riskScore":50,"isClean":true,"findings":[{"name":"CONTEXT_SWITCH","severity":"medium","count":1}],"metadata":{"length":39,"entropy":4.211702142428217,"timestamp":"2026-05-12T21:43:13.135Z"}}
{"timestamp":"2026-05-12T21:43:13.135Z","riskLevel":"CLEAN","riskScore":0,"isClean":true,"findings":[],"metadata":{"length":37,"entropy":4.026360459931184,"timestamp":"2026-05-12T21:43:13.135Z"}}
{"timestamp":"2026-05-12T21:43:13.135Z","riskLevel":"LOW","riskScore":40,"isClean":true,"findings":[{"name":"SUSPICIOUS_FORMATTING","severity":"low","count":1}],"metadata":{"length":15,"entropy":2.6825887305018328,"timestamp":"2026-05-12T21:43:13.135Z"}}
{"timestamp":"2026-05-12T21:43:13.136Z","riskLevel":"CRITICAL","riskScore":100,"isClean":false,"findings":[{"name":"DIRECT_SYSTEM_OVERRIDE","severity":"critical","count":1},{"name":"DAN_ATTACK","severity":"critical","count":1},{"name":"FAKE_SYSTEM_MESSAGE","severity":"high","count":1},{"name":"INSTRUCTION_SEPARATION","severity":"high","count":1}],"metadata":{"length":126,"entropy":4.47024224798782,"timestamp":"2026-05-12T21:43:13.135Z"}}
{"timestamp":"2026-05-12T21:43:13.136Z","riskLevel":"CRITICAL","riskScore":95,"isClean":false,"findings":[{"name":"SYSTEM_PROMPT_EXTRACTION","severity":"critical","count":1}],"metadata":{"length":96,"entropy":4.167388153738674,"timestamp":"2026-05-12T21:43:13.136Z"}}
{"timestamp":"2026-05-12T21:44:28.709Z","riskLevel":"CLEAN","riskScore":0,"isClean":true,"findings":[],"metadata":{"length":37,"entropy":4.114066203115955,"timestamp":"2026-05-12T21:44:28.709Z"}}
{"timestamp":"2026-05-12T21:44:28.709Z","riskLevel":"CLEAN","riskScore":0,"isClean":true,"findings":[],"metadata":{"length":25,"entropy":3.683856189774724,"timestamp":"2026-05-12T21:44:28.707Z"}}
{"timestamp":"2026-05-12T21:44:28.710Z","riskLevel":"CRITICAL","riskScore":100,"isClean":false,"findings":[{"name":"DAN_ATTACK","severity":"critical","count":2}],"metadata":{"length":64,"entropy":4.327066369049408,"timestamp":"2026-05-12T21:44:28.710Z"}}
{"timestamp":"2026-05-12T21:44:28.710Z","riskLevel":"CRITICAL","riskScore":100,"isClean":false,"findings":[{"name":"SYSTEM_PROMPT_EXTRACTION","severity":"critical","count":2}],"metadata":{"length":54,"entropy":3.986666327064136,"timestamp":"2026-05-12T21:44:28.710Z"}}
{"timestamp":"2026-05-12T21:44:28.710Z","riskLevel":"CRITICAL","riskScore":100,"isClean":false,"findings":[{"name":"DIRECT_SYSTEM_OVERRIDE","severity":"critical","count":1},{"name":"SYSTEM_PROMPT_EXTRACTION","severity":"critical","count":1}],"metadata":{"length":62,"entropy":4.0168876984763155,"timestamp":"2026-05-12T21:44:28.710Z"}}
{"timestamp":"2026-05-12T21:44:28.710Z","riskLevel":"CRITICAL","riskScore":90,"isClean":false,"findings":[{"name":"DAN_ATTACK","severity":"critical","count":1}],"metadata":{"length":49,"entropy":3.8713236815596863,"timestamp":"2026-05-12T21:44:28.710Z"}}
{"timestamp":"2026-05-12T21:44:28.711Z","riskLevel":"CRITICAL","riskScore":100,"isClean":false,"findings":[{"name":"ROLE_CHANGE_ATTACK","severity":"critical","count":1},{"name":"MARKDOWN_INJECTION","severity":"high","count":1}],"metadata":{"length":44,"entropy":4.04718240301417,"timestamp":"2026-05-12T21:44:28.711Z"}}
{"timestamp":"2026-05-12T21:44:28.711Z","riskLevel":"CLEAN","riskScore":0,"isClean":true,"findings":[],"metadata":{"length":44,"entropy":4.416833823616224,"timestamp":"2026-05-12T21:44:28.711Z"}}
{"timestamp":"2026-05-12T21:44:28.712Z","riskLevel":"MEDIUM","riskScore":65,"isClean":true,"findings":[{"name":"BASE64_ENCODED","severity":"high","count":1}],"metadata":{"length":48,"entropy":4.613521032323435,"timestamp":"2026-05-12T21:44:28.711Z"}}
{"timestamp":"2026-05-12T21:44:28.711Z","riskLevel":"CRITICAL","riskScore":100,"isClean":false,"findings":[{"name":"HIDDEN_UNICODE","severity":"high","count":3}],"metadata":{"length":28,"entropy":4.056656707462823,"timestamp":"2026-05-12T21:44:28.711Z"}}
{"timestamp":"2026-05-12T21:44:28.712Z","riskLevel":"MEDIUM","riskScore":55,"isClean":true,"findings":[{"name":"ROLE_CONFUSION","severity":"medium","count":1}],"metadata":{"length":39,"entropy":3.919140359499574,"timestamp":"2026-05-12T21:44:28.712Z"}}
{"timestamp":"2026-05-12T21:44:28.712Z","riskLevel":"MEDIUM","riskScore":55,"isClean":true,"findings":[{"name":"RESTRICTED_QUERY","severity":"medium","count":1}],"metadata":{"length":37,"entropy":4.026360459931184,"timestamp":"2026-05-12T21:44:28.712Z"}}
{"timestamp":"2026-05-12T21:44:28.712Z","riskLevel":"LOW","riskScore":40,"isClean":true,"findings":[{"name":"SUSPICIOUS_FORMATTING","severity":"low","count":1}],"metadata":{"length":15,"entropy":2.6825887305018328,"timestamp":"2026-05-12T21:44:28.712Z"}}
{"timestamp":"2026-05-12T21:44:28.712Z","riskLevel":"MEDIUM","riskScore":50,"isClean":true,"findings":[{"name":"CONTEXT_SWITCH","severity":"medium","count":1}],"metadata":{"length":39,"entropy":4.211702142428217,"timestamp":"2026-05-12T21:44:28.712Z"}}
{"timestamp":"2026-05-12T21:44:28.710Z","riskLevel":"CLEAN","riskScore":0,"isClean":true,"findings":[],"metadata":{"length":107,"entropy":4.159006946165752,"timestamp":"2026-05-12T21:44:28.709Z"}}
{"timestamp":"2026-05-12T21:44:28.712Z","riskLevel":"CRITICAL","riskScore":100,"isClean":false,"findings":[{"name":"DIRECT_SYSTEM_OVERRIDE","severity":"critical","count":1},{"name":"DAN_ATTACK","severity":"critical","count":1},{"name":"FAKE_SYSTEM_MESSAGE","severity":"high","count":1},{"name":"INSTRUCTION_SEPARATION","severity":"high","count":1}],"metadata":{"length":126,"entropy":4.47024224798782,"timestamp":"2026-05-12T21:44:28.712Z"}}
{"timestamp":"2026-05-12T21:44:28.712Z","riskLevel":"CRITICAL","riskScore":95,"isClean":false,"findings":[{"name":"SYSTEM_PROMPT_EXTRACTION","severity":"critical","count":1}],"metadata":{"length":96,"entropy":4.167388153738674,"timestamp":"2026-05-12T21:44:28.712Z"}}
{"timestamp":"2026-05-12T21:45:30.609Z","riskLevel":"CLEAN","riskScore":0,"isClean":true,"findings":[],"metadata":{"length":25,"entropy":3.683856189774724,"timestamp":"2026-05-12T21:45:30.608Z"}}
{"timestamp":"2026-05-12T21:45:30.610Z","riskLevel":"CLEAN","riskScore":0,"isClean":true,"findings":[],"metadata":{"length":37,"entropy":4.114066203115955,"timestamp":"2026-05-12T21:45:30.610Z"}}
{"timestamp":"2026-05-12T21:45:30.610Z","riskLevel":"CLEAN","riskScore":0,"isClean":true,"findings":[],"metadata":{"length":107,"entropy":4.159006946165752,"timestamp":"2026-05-12T21:45:30.610Z"}}
{"timestamp":"2026-05-12T21:45:30.610Z","riskLevel":"CRITICAL","riskScore":100,"isClean":false,"findings":[{"name":"DIRECT_SYSTEM_OVERRIDE","severity":"critical","count":1},{"name":"SYSTEM_PROMPT_EXTRACTION","severity":"critical","count":1}],"metadata":{"length":62,"entropy":4.0168876984763155,"timestamp":"2026-05-12T21:45:30.610Z"}}
{"timestamp":"2026-05-12T21:45:30.611Z","riskLevel":"CRITICAL","riskScore":100,"isClean":false,"findings":[{"name":"SYSTEM_PROMPT_EXTRACTION","severity":"critical","count":2}],"metadata":{"length":54,"entropy":3.986666327064136,"timestamp":"2026-05-12T21:45:30.611Z"}}
{"timestamp":"2026-05-12T21:45:30.611Z","riskLevel":"CRITICAL","riskScore":100,"isClean":false,"findings":[{"name":"ROLE_CHANGE_ATTACK","severity":"critical","count":1},{"name":"MARKDOWN_INJECTION","severity":"high","count":1}],"metadata":{"length":44,"entropy":4.04718240301417,"timestamp":"2026-05-12T21:45:30.611Z"}}
{"timestamp":"2026-05-12T21:45:30.612Z","riskLevel":"CRITICAL","riskScore":100,"isClean":false,"findings":[{"name":"HIDDEN_UNICODE","severity":"high","count":3}],"metadata":{"length":28,"entropy":4.056656707462823,"timestamp":"2026-05-12T21:45:30.611Z"}}
{"timestamp":"2026-05-12T21:45:30.611Z","riskLevel":"CLEAN","riskScore":0,"isClean":true,"findings":[],"metadata":{"length":44,"entropy":4.416833823616224,"timestamp":"2026-05-12T21:45:30.611Z"}}
{"timestamp":"2026-05-12T21:45:30.611Z","riskLevel":"CRITICAL","riskScore":90,"isClean":false,"findings":[{"name":"DAN_ATTACK","severity":"critical","count":1}],"metadata":{"length":49,"entropy":3.8713236815596863,"timestamp":"2026-05-12T21:45:30.611Z"}}
{"timestamp":"2026-05-12T21:45:30.612Z","riskLevel":"MEDIUM","riskScore":55,"isClean":true,"findings":[{"name":"RESTRICTED_QUERY","severity":"medium","count":1}],"metadata":{"length":37,"entropy":4.026360459931184,"timestamp":"2026-05-12T21:45:30.612Z"}}
{"timestamp":"2026-05-12T21:45:30.612Z","riskLevel":"MEDIUM","riskScore":65,"isClean":true,"findings":[{"name":"BASE64_ENCODED","severity":"high","count":1}],"metadata":{"length":48,"entropy":4.613521032323435,"timestamp":"2026-05-12T21:45:30.612Z"}}
{"timestamp":"2026-05-12T21:45:30.612Z","riskLevel":"MEDIUM","riskScore":55,"isClean":true,"findings":[{"name":"ROLE_CONFUSION","severity":"medium","count":1}],"metadata":{"length":39,"entropy":3.919140359499574,"timestamp":"2026-05-12T21:45:30.612Z"}}
{"timestamp":"2026-05-12T21:45:30.610Z","riskLevel":"CRITICAL","riskScore":100,"isClean":false,"findings":[{"name":"DAN_ATTACK","severity":"critical","count":2}],"metadata":{"length":64,"entropy":4.327066369049408,"timestamp":"2026-05-12T21:45:30.610Z"}}
{"timestamp":"2026-05-12T21:45:30.612Z","riskLevel":"LOW","riskScore":40,"isClean":true,"findings":[{"name":"SUSPICIOUS_FORMATTING","severity":"low","count":1}],"metadata":{"length":15,"entropy":2.6825887305018328,"timestamp":"2026-05-12T21:45:30.612Z"}}
{"timestamp":"2026-05-12T21:45:30.612Z","riskLevel":"MEDIUM","riskScore":50,"isClean":true,"findings":[{"name":"CONTEXT_SWITCH","severity":"medium","count":1}],"metadata":{"length":39,"entropy":4.211702142428217,"timestamp":"2026-05-12T21:45:30.612Z"}}
{"timestamp":"2026-05-12T21:45:30.613Z","riskLevel":"CRITICAL","riskScore":100,"isClean":false,"findings":[{"name":"DIRECT_SYSTEM_OVERRIDE","severity":"critical","count":1},{"name":"DAN_ATTACK","severity":"critical","count":1},{"name":"FAKE_SYSTEM_MESSAGE","severity":"high","count":1},{"name":"INSTRUCTION_SEPARATION","severity":"high","count":1}],"metadata":{"length":126,"entropy":4.47024224798782,"timestamp":"2026-05-12T21:45:30.612Z"}}
{"timestamp":"2026-05-12T21:45:30.613Z","riskLevel":"CRITICAL","riskScore":95,"isClean":false,"findings":[{"name":"SYSTEM_PROMPT_EXTRACTION","severity":"critical","count":1}],"metadata":{"length":96,"entropy":4.167388153738674,"timestamp":"2026-05-12T21:45:30.613Z"}}
{"timestamp":"2026-05-12T21:46:23.046Z","riskLevel":"CLEAN","riskScore":0,"isClean":true,"findings":[],"metadata":{"length":37,"entropy":4.114066203115955,"timestamp":"2026-05-12T21:46:23.046Z"}}
{"timestamp":"2026-05-12T21:46:23.047Z","riskLevel":"CRITICAL","riskScore":100,"isClean":false,"findings":[{"name":"DAN_ATTACK","severity":"critical","count":2}],"metadata":{"length":64,"entropy":4.327066369049408,"timestamp":"2026-05-12T21:46:23.047Z"}}
{"timestamp":"2026-05-12T21:46:23.045Z","riskLevel":"CLEAN","riskScore":0,"isClean":true,"findings":[],"metadata":{"length":25,"entropy":3.683856189774724,"timestamp":"2026-05-12T21:46:23.044Z"}}
{"timestamp":"2026-05-12T21:46:23.046Z","riskLevel":"CLEAN","riskScore":0,"isClean":true,"findings":[],"metadata":{"length":107,"entropy":4.159006946165752,"timestamp":"2026-05-12T21:46:23.046Z"}}
{"timestamp":"2026-05-12T21:46:23.047Z","riskLevel":"CRITICAL","riskScore":100,"isClean":false,"findings":[{"name":"SYSTEM_PROMPT_EXTRACTION","severity":"critical","count":2}],"metadata":{"length":54,"entropy":3.986666327064136,"timestamp":"2026-05-12T21:46:23.047Z"}}
{"timestamp":"2026-05-12T21:46:23.046Z","riskLevel":"CRITICAL","riskScore":100,"isClean":false,"findings":[{"name":"DIRECT_SYSTEM_OVERRIDE","severity":"critical","count":1},{"name":"SYSTEM_PROMPT_EXTRACTION","severity":"critical","count":1}],"metadata":{"length":62,"entropy":4.0168876984763155,"timestamp":"2026-05-12T21:46:23.046Z"}}
{"timestamp":"2026-05-12T21:46:23.047Z","riskLevel":"CRITICAL","riskScore":100,"isClean":false,"findings":[{"name":"ROLE_CHANGE_ATTACK","severity":"critical","count":1},{"name":"MARKDOWN_INJECTION","severity":"high","count":1}],"metadata":{"length":44,"entropy":4.04718240301417,"timestamp":"2026-05-12T21:46:23.047Z"}}
{"timestamp":"2026-05-12T21:46:23.047Z","riskLevel":"CLEAN","riskScore":0,"isClean":true,"findings":[],"metadata":{"length":44,"entropy":4.416833823616224,"timestamp":"2026-05-12T21:46:23.047Z"}}
{"timestamp":"2026-05-12T21:46:23.047Z","riskLevel":"CRITICAL","riskScore":90,"isClean":false,"findings":[{"name":"DAN_ATTACK","severity":"critical","count":1}],"metadata":{"length":49,"entropy":3.8713236815596863,"timestamp":"2026-05-12T21:46:23.047Z"}}
{"timestamp":"2026-05-12T21:46:23.048Z","riskLevel":"CRITICAL","riskScore":100,"isClean":false,"findings":[{"name":"HIDDEN_UNICODE","severity":"high","count":3}],"metadata":{"length":28,"entropy":4.056656707462823,"timestamp":"2026-05-12T21:46:23.047Z"}}
{"timestamp":"2026-05-12T21:46:23.048Z","riskLevel":"MEDIUM","riskScore":55,"isClean":true,"findings":[{"name":"ROLE_CONFUSION","severity":"medium","count":1}],"metadata":{"length":39,"entropy":3.919140359499574,"timestamp":"2026-05-12T21:46:23.048Z"}}
{"timestamp":"2026-05-12T21:46:23.048Z","riskLevel":"MEDIUM","riskScore":65,"isClean":true,"findings":[{"name":"BASE64_ENCODED","severity":"high","count":1}],"metadata":{"length":48,"entropy":4.613521032323435,"timestamp":"2026-05-12T21:46:23.048Z"}}
{"timestamp":"2026-05-12T21:46:23.048Z","riskLevel":"MEDIUM","riskScore":50,"isClean":true,"findings":[{"name":"CONTEXT_SWITCH","severity":"medium","count":1}],"metadata":{"length":39,"entropy":4.211702142428217,"timestamp":"2026-05-12T21:46:23.048Z"}}
{"timestamp":"2026-05-12T21:46:23.048Z","riskLevel":"MEDIUM","riskScore":55,"isClean":true,"findings":[{"name":"RESTRICTED_QUERY","severity":"medium","count":1}],"metadata":{"length":37,"entropy":4.026360459931184,"timestamp":"2026-05-12T21:46:23.048Z"}}
{"timestamp":"2026-05-12T21:46:23.048Z","riskLevel":"LOW","riskScore":40,"isClean":true,"findings":[{"name":"SUSPICIOUS_FORMATTING","severity":"low","count":1}],"metadata":{"length":15,"entropy":2.6825887305018328,"timestamp":"2026-05-12T21:46:23.048Z"}}
{"timestamp":"2026-05-12T21:46:23.048Z","riskLevel":"CRITICAL","riskScore":100,"isClean":false,"findings":[{"name":"DIRECT_SYSTEM_OVERRIDE","severity":"critical","count":1},{"name":"DAN_ATTACK","severity":"critical","count":1},{"name":"FAKE_SYSTEM_MESSAGE","severity":"high","count":1},{"name":"INSTRUCTION_SEPARATION","severity":"high","count":1}],"metadata":{"length":126,"entropy":4.47024224798782,"timestamp":"2026-05-12T21:46:23.048Z"}}
{"timestamp":"2026-05-12T21:46:23.049Z","riskLevel":"CRITICAL","riskScore":95,"isClean":false,"findings":[{"name":"SYSTEM_PROMPT_EXTRACTION","severity":"critical","count":1}],"metadata":{"length":96,"entropy":4.167388153738674,"timestamp":"2026-05-12T21:46:23.048Z"}}
{"timestamp":"2026-05-12T21:47:16.523Z","riskLevel":"CLEAN","riskScore":0,"isClean":true,"findings":[],"metadata":{"length":25,"entropy":3.683856189774724,"timestamp":"2026-05-12T21:47:16.522Z"}}
{"timestamp":"2026-05-12T21:47:16.524Z","riskLevel":"CLEAN","riskScore":0,"isClean":true,"findings":[],"metadata":{"length":37,"entropy":4.114066203115955,"timestamp":"2026-05-12T21:47:16.524Z"}}
{"timestamp":"2026-05-12T21:47:16.524Z","riskLevel":"CLEAN","riskScore":0,"isClean":true,"findings":[],"metadata":{"length":107,"entropy":4.159006946165752,"timestamp":"2026-05-12T21:47:16.524Z"}}
{"timestamp":"2026-05-12T21:47:16.525Z","riskLevel":"CRITICAL","riskScore":100,"isClean":false,"findings":[{"name":"SYSTEM_PROMPT_EXTRACTION","severity":"critical","count":2}],"metadata":{"length":54,"entropy":3.986666327064136,"timestamp":"2026-05-12T21:47:16.525Z"}}
{"timestamp":"2026-05-12T21:47:16.525Z","riskLevel":"CRITICAL","riskScore":100,"isClean":false,"findings":[{"name":"DIRECT_SYSTEM_OVERRIDE","severity":"critical","count":1},{"name":"SYSTEM_PROMPT_EXTRACTION","severity":"critical","count":1}],"metadata":{"length":62,"entropy":4.0168876984763155,"timestamp":"2026-05-12T21:47:16.524Z"}}
{"timestamp":"2026-05-12T21:47:16.525Z","riskLevel":"CRITICAL","riskScore":90,"isClean":false,"findings":[{"name":"DAN_ATTACK","severity":"critical","count":1}],"metadata":{"length":49,"entropy":3.8713236815596863,"timestamp":"2026-05-12T21:47:16.525Z"}}
{"timestamp":"2026-05-12T21:47:16.525Z","riskLevel":"CRITICAL","riskScore":100,"isClean":false,"findings":[{"name":"DAN_ATTACK","severity":"critical","count":2}],"metadata":{"length":64,"entropy":4.327066369049408,"timestamp":"2026-05-12T21:47:16.525Z"}}
{"timestamp":"2026-05-12T21:47:16.525Z","riskLevel":"CRITICAL","riskScore":100,"isClean":false,"findings":[{"name":"ROLE_CHANGE_ATTACK","severity":"critical","count":1},{"name":"MARKDOWN_INJECTION","severity":"high","count":1}],"metadata":{"length":44,"entropy":4.04718240301417,"timestamp":"2026-05-12T21:47:16.525Z"}}
{"timestamp":"2026-05-12T21:47:16.526Z","riskLevel":"MEDIUM","riskScore":65,"isClean":true,"findings":[{"name":"BASE64_ENCODED","severity":"high","count":1}],"metadata":{"length":48,"entropy":4.613521032323435,"timestamp":"2026-05-12T21:47:16.526Z"}}
{"timestamp":"2026-05-12T21:47:16.526Z","riskLevel":"CRITICAL","riskScore":100,"isClean":false,"findings":[{"name":"HIDDEN_UNICODE","severity":"high","count":3}],"metadata":{"length":28,"entropy":4.056656707462823,"timestamp":"2026-05-12T21:47:16.526Z"}}
{"timestamp":"2026-05-12T21:47:16.526Z","riskLevel":"MEDIUM","riskScore":55,"isClean":true,"findings":[{"name":"ROLE_CONFUSION","severity":"medium","count":1}],"metadata":{"length":39,"entropy":3.919140359499574,"timestamp":"2026-05-12T21:47:16.526Z"}}
{"timestamp":"2026-05-12T21:47:16.526Z","riskLevel":"MEDIUM","riskScore":55,"isClean":true,"findings":[{"name":"RESTRICTED_QUERY","severity":"medium","count":1}],"metadata":{"length":37,"entropy":4.026360459931184,"timestamp":"2026-05-12T21:47:16.526Z"}}
{"timestamp":"2026-05-12T21:47:16.527Z","riskLevel":"MEDIUM","riskScore":50,"isClean":true,"findings":[{"name":"CONTEXT_SWITCH","severity":"medium","count":1}],"metadata":{"length":39,"entropy":4.211702142428217,"timestamp":"2026-05-12T21:47:16.527Z"}}
{"timestamp":"2026-05-12T21:47:16.526Z","riskLevel":"CLEAN","riskScore":0,"isClean":true,"findings":[],"metadata":{"length":44,"entropy":4.416833823616224,"timestamp":"2026-05-12T21:47:16.525Z"}}
{"timestamp":"2026-05-12T21:47:16.527Z","riskLevel":"LOW","riskScore":40,"isClean":true,"findings":[{"name":"SUSPICIOUS_FORMATTING","severity":"low","count":1}],"metadata":{"length":15,"entropy":2.6825887305018328,"timestamp":"2026-05-12T21:47:16.527Z"}}
{"timestamp":"2026-05-12T21:47:16.527Z","riskLevel":"CRITICAL","riskScore":100,"isClean":false,"findings":[{"name":"DIRECT_SYSTEM_OVERRIDE","severity":"critical","count":1},{"name":"DAN_ATTACK","severity":"critical","count":1},{"name":"FAKE_SYSTEM_MESSAGE","severity":"high","count":1},{"name":"INSTRUCTION_SEPARATION","severity":"high","count":1}],"metadata":{"length":126,"entropy":4.47024224798782,"timestamp":"2026-05-12T21:47:16.527Z"}}
{"timestamp":"2026-05-12T21:47:16.527Z","riskLevel":"CRITICAL","riskScore":95,"isClean":false,"findings":[{"name":"SYSTEM_PROMPT_EXTRACTION","severity":"critical","count":1}],"metadata":{"length":96,"entropy":4.167388153738674,"timestamp":"2026-05-12T21:47:16.527Z"}}
{"timestamp":"2026-05-12T21:47:40.962Z","riskLevel":"MEDIUM","riskScore":55,"isClean":true,"findings":[{"name":"RESTRICTED_QUERY","severity":"medium","count":1}],"metadata":{"length":37,"entropy":4.026360459931184,"timestamp":"2026-05-12T21:47:40.962Z"}}
{"timestamp":"2026-05-12T21:47:40.961Z","riskLevel":"CLEAN","riskScore":0,"isClean":true,"findings":[],"metadata":{"length":33,"entropy":3.9603202553942918,"timestamp":"2026-05-12T21:47:40.960Z"}}
{"timestamp":"2026-05-12T21:47:40.963Z","riskLevel":"CRITICAL","riskScore":100,"isClean":false,"findings":[{"name":"DIRECT_SYSTEM_OVERRIDE","severity":"critical","count":1},{"name":"DAN_ATTACK","severity":"critical","count":2}],"metadata":{"length":67,"entropy":4.242880564809695,"timestamp":"2026-05-12T21:47:40.963Z"}}
